[    0.000000] Initializing cgroup subsys cpuset
[    0.000000] Initializing cgroup subsys cpu
[    0.000000] Initializing cgroup subsys cpuacct
[    0.000000] Linux version 4.4.0-93-generic (buildd@lgw01-23) (gcc version 5.4.0 20160609 (Ubuntu 5.4.0-6ubuntu1~16.04.4) ) #116-Ubuntu SMP Fri Aug 11 21:17:52 UTC 2017 (Ubuntu 4.4.0-93.116-generic 4.4.79)
[    0.000000] KERNEL supported cpus:
[    0.000000]   Intel GenuineIntel
[    0.000000]   AMD AuthenticAMD
[    0.000000]   NSC Geode by NSC
[    0.000000]   Cyrix CyrixInstead
[    0.000000]   Centaur CentaurHauls
[    0.000000]   Transmeta GenuineTMx86
[    0.000000]   Transmeta TransmetaCPU
[    0.000000]   UMC UMC UMC UMC
[    0.000000] x86/fpu: xstate_offset[2]:  576, xstate_sizes[2]:  256
[    0.000000] x86/fpu: Supporting XSAVE feature 0x01: 'x87 floating point registers'
[    0.000000] x86/fpu: Supporting XSAVE feature 0x02: 'SSE registers'
[    0.000000] x86/fpu: Supporting XSAVE feature 0x04: 'AVX registers'
[    0.000000] x86/fpu: Enabled xstate features 0x7, context size is 832 bytes, using 'standard' format.
[    0.000000] x86/fpu: Using 'lazy' FPU context switches.
[    0.000000] e820: BIOS-provided physical RAM map:
[    0.000000] BIOS-e820: [mem 0x0000000000000000-0x000000000009fbff] usable
[    0.000000] BIOS-e820: [mem 0x000000000009fc00-0x000000000009ffff] reserved
[    0.000000] BIOS-e820: [mem 0x00000000000f0000-0x00000000000fffff] reserved
[    0.000000] BIOS-e820: [mem 0x0000000000100000-0x000000003ffeffff] usable
[    0.000000] BIOS-e820: [mem 0x000000003fff0000-0x000000003fffffff] ACPI data
[    0.000000] BIOS-e820: [mem 0x00000000fec00000-0x00000000fec00fff] reserved
[    0.000000] BIOS-e820: [mem 0x00000000fee00000-0x00000000fee00fff] reserved
[    0.000000] BIOS-e820: [mem 0x00000000fffc0000-0x00000000ffffffff] reserved
[    0.000000] NX (Execute Disable) protection: active
[    0.000000] SMBIOS 2.5 present.
[    0.000000] Hypervisor detected: KVM
[    0.000000] e820: last_pfn = 0x3fff0 max_arch_pfn = 0x1000000
[    0.000000] MTRR: Disabled
[    0.000000] x86/PAT: MTRRs disabled, skipping PAT initialization too.
[    0.000000] CPU MTRRs all blank - virtualized system.
[    0.000000] x86/PAT: Configuration [0-7]: WB  WT  UC- UC  WB  WT  UC- UC  
[    0.000000] found SMP MP-table at [mem 0x0009fff0-0x0009ffff] mapped at [c009fff0]
[    0.000000] Scanning 1 areas for low memory corruption
[    0.000000] RAMDISK: [mem 0x36aba000-0x37554fff]
[    0.000000] ACPI: Early table checksum verification disabled
[    0.000000] ACPI: RSDP 0x00000000000E0000 000024 (v02 VBOX  )
[    0.000000] ACPI: XSDT 0x000000003FFF0030 00003C (v01 VBOX   VBOXXSDT 00000001 ASL  00000061)
[    0.000000] ACPI: FACP 0x000000003FFF00F0 0000F4 (v04 VBOX   VBOXFACP 00000001 ASL  00000061)
[    0.000000] ACPI: DSDT 0x000000003FFF0470 0021C8 (v02 VBOX   VBOXBIOS 00000002 INTL 20100528)
[    0.000000] ACPI: FACS 0x000000003FFF0200 000040
[    0.000000] ACPI: FACS 0x000000003FFF0200 000040
[    0.000000] ACPI: APIC 0x000000003FFF0240 00005C (v02 VBOX   VBOXAPIC 00000001 ASL  00000061)
[    0.000000] ACPI: SSDT 0x000000003FFF02A0 0001CC (v01 VBOX   VBOXCPUT 00000002 INTL 20100528)
[    0.000000] 131MB HIGHMEM available.
[    0.000000] 891MB LOWMEM available.
[    0.000000]   mapped low ram: 0 - 37bfe000
[    0.000000]   low ram: 0 - 37bfe000
[    0.000000] kvm-clock: Using msrs 4b564d01 and 4b564d00
[    0.000000] kvm-clock: cpu 0, msr 0:37bfd001, primary cpu clock
[    0.000000] kvm-clock: using sched offset of 3093429897 cycles
[    0.000000] clocksource: kvm-clock: mask: 0xffffffffffffffff max_cycles: 0x1cd42e4dffb, max_idle_ns: 881590591483 ns
[    0.000000] Zone ranges:
[    0.000000]   DMA      [mem 0x0000000000001000-0x0000000000ffffff]
[    0.000000]   Normal   [mem 0x0000000001000000-0x0000000037bfdfff]
[    0.000000]   HighMem  [mem 0x0000000037bfe000-0x000000003ffeffff]
[    0.000000] Movable zone start for each node
[    0.000000] Early memory node ranges
[    0.000000]   node   0: [mem 0x0000000000001000-0x000000000009efff]
[    0.000000]   node   0: [mem 0x0000000000100000-0x000000003ffeffff]
[    0.000000] Initmem setup node 0 [mem 0x0000000000001000-0x000000003ffeffff]
[    0.000000] Using APIC driver default
[    0.000000] ACPI: PM-Timer IO Port: 0x4008
[    0.000000] IOAPIC[0]: apic_id 2, version 32, address 0xfec00000, GSI 0-23
[    0.000000] ACPI: INT_SRC_OVR (bus 0 bus_irq 0 global_irq 2 dfl dfl)
[    0.000000] ACPI: INT_SRC_OVR (bus 0 bus_irq 9 global_irq 9 high level)
[    0.000000] Using ACPI (MADT) for SMP configuration information
[    0.000000] smpboot: Allowing 2 CPUs, 0 hotplug CPUs
[    0.000000] PM: Registered nosave memory: [mem 0x00000000-0x00000fff]
[    0.000000] PM: Registered nosave memory: [mem 0x0009f000-0x0009ffff]
[    0.000000] PM: Registered nosave memory: [mem 0x000a0000-0x000effff]
[    0.000000] PM: Registered nosave memory: [mem 0x000f0000-0x000fffff]
[    0.000000] e820: [mem 0x40000000-0xfebfffff] available for PCI devices
[    0.000000] Booting paravirtualized kernel on KVM
[    0.000000] clocksource: refined-jiffies: mask: 0xffffffff max_cycles: 0xffffffff, max_idle_ns: 7645519600211568 ns
[    0.000000] setup_percpu: NR_CPUS:8 nr_cpumask_bits:8 nr_cpu_ids:2 nr_node_ids:1
[    0.000000] PERCPU: Embedded 19 pages/cpu @f76b0000 s47436 r0 d30388 u77824
[    0.000000] PV qspinlock hash table entries: 512 (order: 0, 4096 bytes)
[    0.000000] Built 1 zonelists in Zone order, mobility grouping on.  Total pages: 259800
[    0.000000] Kernel command line: BOOT_IMAGE=/boot/vmlinuz-4.4.0-93-generic root=LABEL=cloudimg-rootfs ro console=tty1 console=ttyS0
[    0.000000] PID hash table entries: 4096 (order: 2, 16384 bytes)
[    0.000000] Dentry cache hash table entries: 131072 (order: 7, 524288 bytes)
[    0.000000] Inode-cache hash table entries: 65536 (order: 6, 262144 bytes)
[    0.000000] Initializing CPU#0
[    0.000000] Initializing HighMem for node 0 (00037bfe:0003fff0)
[    0.000000] Initializing Movable for node 0 (00000000:00000000)
[    0.000000] Memory: 1012068K/1048120K available (7965K kernel code, 771K rwdata, 3168K rodata, 940K init, 800K bss, 36052K reserved, 0K cma-reserved, 135112K highmem)
[    0.000000] virtual kernel memory layout:
[    0.000000]     fixmap  : 0xfff15000 - 0xfffff000   ( 936 kB)
[    0.000000]     pkmap   : 0xffc00000 - 0xffe00000   (2048 kB)
[    0.000000]     vmalloc : 0xf83fe000 - 0xffbfe000   ( 120 MB)
[    0.000000]     lowmem  : 0xc0000000 - 0xf7bfe000   ( 891 MB)
[    0.000000]       .init : 0xc1ba3000 - 0xc1c8e000   ( 940 kB)
[    0.000000]       .data : 0xc17c77ad - 0xc1ba1c00   (3945 kB)
[    0.000000]       .text : 0xc1000000 - 0xc17c77ad   (7965 kB)
[    0.000000] Checking if this processor honours the WP bit even in supervisor mode...Ok.
[    0.000000] SLUB: HWalign=64, Order=0-3, MinObjects=0, CPUs=2, Nodes=1
[    0.000000] Hierarchical RCU implementation.
[    0.000000] 	Build-time adjustment of leaf fanout to 32.
[    0.000000] 	RCU restricting CPUs from NR_CPUS=8 to nr_cpu_ids=2.
[    0.000000] RCU: Adjusting geometry for rcu_fanout_leaf=32, nr_cpu_ids=2
[    0.000000] NR_IRQS:2304 nr_irqs:440 16
[    0.000000] Console: colour VGA+ 80x25
[    0.000000] console [tty1] enabled
[    0.000000] console [ttyS0] enabled
[    0.000000] allocated 1048576 bytes of page_ext
[    0.000000] tsc: Detected 2693.786 MHz processor
[    8.847006] Calibrating delay loop (skipped) preset value.. 5387.57 BogoMIPS (lpj=10775144)
[    9.006459] pid_max: default: 32768 minimum: 301
[    9.114360] ACPI: Core revision 20150930
[    9.142303] ACPI: 2 ACPI AML tables successfully acquired and loaded
[    9.149064] Security Framework initialized
[    9.149776] Yama: becoming mindful.
[    9.183302] AppArmor: AppArmor initialized
[    9.267541] Mount-cache hash table entries: 2048 (order: 1, 8192 bytes)
[    9.312605] Mountpoint-cache hash table entries: 2048 (order: 1, 8192 bytes)
[    9.488810] Initializing cgroup subsys io
[    9.590539] Initializing cgroup subsys memory
[    9.658452] Initializing cgroup subsys devices
[    9.744751] Initializing cgroup subsys freezer
[    9.812302] Initializing cgroup subsys net_cls
[    9.896797] Initializing cgroup subsys perf_event
[    9.900500] Initializing cgroup subsys net_prio
[    9.901350] Initializing cgroup subsys hugetlb
[    9.902193] Initializing cgroup subsys pids
[    9.921096] CPU: Physical Processor ID: 0
[   10.002892] CPU: Processor Core ID: 0
[   10.098921] mce: CPU supports 0 MCE banks
[   10.208538] Last level iTLB entries: 4KB 64, 2MB 8, 4MB 8
[   10.362267] Last level dTLB entries: 4KB 64, 2MB 0, 4MB 0, 1GB 4
[   10.455366] Freeing SMP alternatives memory: 28K (c1c8e000 - c1c95000)
[   10.464496] ftrace: allocating 31417 entries in 62 pages
[   10.642593] smpboot: APIC(0) Converting physical 0 to logical package 0
[   10.808531] smpboot: Max logical packages: 1
[   10.836292] Enabling APIC mode:  Flat.  Using 1 I/O APICs
[   10.905319] ..TIMER: vector=0x30 apic1=0 pin1=2 apic2=-1 pin2=-1
[   11.130402] smpboot: CPU0: Intel(R) Core(TM) i7-5700HQ CPU @ 2.70GHz (family: 0x6, model: 0x47, stepping: 0x1)
[   11.337897] Performance Events: unsupported p6 CPU model 71 no PMU driver, software events only.
[   11.547095] KVM setup paravirtual spinlock
[   11.653208] x86: Booting SMP configuration:
[   11.736585] .... node  #0, CPUs:      #1
[1266874886.616121] Initializing CPU#1
[   11.894363] kvm-clock: cpu 1, msr 0:37bfd041, secondary cpu clock
[   11.957807] mce: CPU supports 0 MCE banks
[   12.021657] x86: Booted up 1 node, 2 CPUs
[   12.099082] smpboot: Total of 2 processors activated (10775.14 BogoMIPS)
[   12.250933] devtmpfs: initialized
[   12.350214] evm: security.selinux
[   12.404186] evm: security.SMACK64
[   12.418771] evm: security.SMACK64EXEC
[   12.419414] evm: security.SMACK64TRANSMUTE
[   12.420076] evm: security.SMACK64MMAP
[   12.478188] evm: security.ima
[   12.558608] evm: security.capability
[   12.655653] clocksource: jiffies: mask: 0xffffffff max_cycles: 0xffffffff, max_idle_ns: 7645041785100000 ns
[   12.849753] futex hash table entries: 512 (order: 3, 32768 bytes)
[   12.956031] pinctrl core: initialized pinctrl subsystem
[   13.058987] RTC time:  5:46:14, date: 12/06/17
[   13.136767] NET: Registered protocol family 16
[   13.193949] EISA bus registered
[   13.259348] cpuidle: using governor ladder
[   13.351430] cpuidle: using governor menu
[   13.452276] PCCT header not found.
[   13.552189] ACPI: bus type PCI registered
[   13.658093] acpiphp: ACPI Hot Plug PCI Controller Driver version: 0.5
[   13.843541] PCI : PCI BIOS area is rw and x. Use pci=nobios if you want it NX.
[   13.962936] PCI: PCI BIOS revision 2.10 entry at 0xfda26, last bus=0
[   14.141329] PCI: Using configuration type 1 for base access
[   14.308527] ACPI: Added _OSI(Module Device)
[   14.395072] ACPI: Added _OSI(Processor Device)
[   14.489111] ACPI: Added _OSI(3.0 _SCP Extensions)
[   14.622698] ACPI: Added _OSI(Processor Aggregator Device)
[   14.777859] ACPI: Executed 1 blocks of module-level executable AML code
[   14.924039] ACPI: Interpreter enabled
[   15.009212] ACPI: (supports S0 S5)
[   15.093390] ACPI: Using IOAPIC for interrupt routing
[   15.213699] PCI: Using host bridge windows from ACPI; if necessary, use "pci=nocrs" and report a bug
[   15.460016] ACPI: PCI Root Bridge [PCI0] (domain 0000 [bus 00-ff])
[   15.540664] acpi PNP0A03:00: _OSC: OS supports [ASPM ClockPM Segments MSI]
[   15.656398] acpi PNP0A03:00: _OSC failed (AE_NOT_FOUND); disabling ASPM
[   15.835645] acpi PNP0A03:00: fail to add MMCONFIG information, can't access extended PCI configuration space under this bridge.
[   16.106344] PCI host bridge to bus 0000:00
[   16.203040] pci_bus 0000:00: root bus resource [io  0x0000-0x0cf7 window]
[   16.369991] pci_bus 0000:00: root bus resource [io  0x0d00-0xffff window]
[   16.514726] pci_bus 0000:00: root bus resource [mem 0x000a0000-0x000bffff window]
[   16.684360] pci_bus 0000:00: root bus resource [mem 0x40000000-0xffdfffff window]
[   16.750193] pci_bus 0000:00: root bus resource [bus 00-ff]
[   16.815069] pci 0000:00:01.1: legacy IDE quirk: reg 0x10: [io  0x01f0-0x01f7]
[   16.972194] pci 0000:00:01.1: legacy IDE quirk: reg 0x14: [io  0x03f6]
[   17.105533] pci 0000:00:01.1: legacy IDE quirk: reg 0x18: [io  0x0170-0x0177]
[   17.106702] pci 0000:00:01.1: legacy IDE quirk: reg 0x1c: [io  0x0376]
[   17.222995] pci 0000:00:07.0: quirk: [io  0x4000-0x403f] claimed by PIIX4 ACPI
[   17.419953] pci 0000:00:07.0: quirk: [io  0x4100-0x410f] claimed by PIIX4 SMB
[   17.630429] ACPI: PCI Interrupt Link [LNKA] (IRQs 5 9 10 *11)
[   17.757992] ACPI: PCI Interrupt Link [LNKB] (IRQs 5 9 10 *11)
[   17.865554] ACPI: PCI Interrupt Link [LNKC] (IRQs 5 9 *10 11)
[   17.953294] ACPI: PCI Interrupt Link [LNKD] (IRQs 5 *9 10 11)
[   18.036960] ACPI: Enabled 2 GPEs in block 00 to 07
[   18.038066] vgaarb: setting as boot device: PCI:0000:00:02.0
[   18.069687] vgaarb: device added: PCI:0000:00:02.0,decodes=io+mem,owns=io+mem,locks=none
[   18.232110] vgaarb: loaded
[   18.309838] vgaarb: bridge control possible 0000:00:02.0
[   18.441237] SCSI subsystem initialized
[   18.528230] ACPI: bus type USB registered
[   18.600208] usbcore: registered new interface driver usbfs
[   18.701196] usbcore: registered new interface driver hub
[   18.832097] usbcore: registered new device driver usb
[   18.854117] PCI: Using ACPI for IRQ routing
[   18.942240] NetLabel: Initializing
[   19.000173] NetLabel:  domain hash size = 128
[   19.092419] NetLabel:  protocols = UNLABELED CIPSOv4
[   19.184696] NetLabel:  unlabeled traffic allowed by default
[   19.283919] amd_nb: Cannot enumerate AMD northbridges
[   19.412630] clocksource: Switched to clocksource kvm-clock
[   19.491840] AppArmor: AppArmor Filesystem Enabled
[   19.628906] pnp: PnP ACPI init
[   19.723768] pnp: PnP ACPI: found 3 devices
[   19.833586] PnPBIOS: Disabled by ACPI PNP
[   19.984131] clocksource: acpi_pm: mask: 0xffffff max_cycles: 0xffffff, max_idle_ns: 2085701024 ns
[   20.226809] NET: Registered protocol family 2
[   20.345643] TCP established hash table entries: 8192 (order: 3, 32768 bytes)
[   20.493660] TCP bind hash table entries: 8192 (order: 4, 65536 bytes)
[   20.603703] TCP: Hash tables configured (established 8192 bind 8192)
[   20.789712] UDP hash table entries: 512 (order: 2, 16384 bytes)
[   20.833097] UDP-Lite hash table entries: 512 (order: 2, 16384 bytes)
[   20.833963] NET: Registered protocol family 1
[   20.914755] pci 0000:00:00.0: Limiting direct PCI/PCI transfers
[   21.088380] pci 0000:00:01.0: Activating ISA DMA hang workarounds
[   21.237869] Unpacking initramfs...
[   23.353126] Freeing initrd memory: 10860K (f6aba000 - f7555000)
[   23.382707] platform rtc_cmos: registered platform RTC device (no PNP device found)
[   23.513648] Scanning for low memory corruption every 60 seconds
[   23.613197] audit: initializing netlink subsys (disabled)
[   23.708792] audit: type=2000 audit(1512539170.692:1): initialized
[   23.735933] Initialise system trusted keyring
[   23.752122] HugeTLB registered 2 MB page size, pre-allocated 0 pages
[   23.860786] zbud: loaded
[   23.876061] VFS: Disk quotas dquot_6.6.0
[   23.964919] VFS: Dquot-cache hash table entries: 1024 (order 0, 4096 bytes)
[   24.013053] squashfs: version 4.0 (2009/01/31) Phillip Lougher
[   24.067943] fuse init (API version 7.23)
[   24.153219] Key type big_key registered
[   24.185671] Allocating IMA MOK and blacklist keyrings.
[   24.252954] Key type asymmetric registered
[   24.315795] Asymmetric key parser 'x509' registered
[   24.404587] tsc: Refined TSC clocksource calibration: 2692.352 MHz
[   24.461025] clocksource: tsc: mask: 0xffffffffffffffff max_cycles: 0x26cf05b9e63, max_idle_ns: 440795323852 ns
[   24.461077] bounce: pool size: 64 pages
[   24.461127] Block layer SCSI generic (bsg) driver version 0.4 loaded (major 249)
[   24.469321] io scheduler noop registered
[   24.469325] io scheduler deadline registered (default)
[   24.469391] io scheduler cfq registered
[   24.469592] pci_hotplug: PCI Hot Plug PCI Core version: 0.5
[   24.469598] pciehp: PCI Express Hot Plug Controller Driver version: 0.4
[   24.469818] ACPI: AC Adapter [AC] (on-line)
[   24.469884] input: Power Button as /devices/LNXSYSTM:00/LNXPWRBN:00/input/input0
[   24.469888] ACPI: Power Button [PWRF]
[   24.469954] input: Sleep Button as /devices/LNXSYSTM:00/LNXSLPBN:00/input/input1
[   24.469956] ACPI: Sleep Button [SLPF]
[   24.470190] GHES: HEST is not enabled!
[   24.522163] ACPI: Battery Slot [BAT0] (battery present)
[   24.522187] isapnp: Scanning for PnP cards...
[   24.571938] Serial: 8250/16550 driver, 32 ports, IRQ sharing enabled
[   24.631143] 00:02: ttyS0 at I/O 0x3f8 (irq = 4, base_baud = 115200) is a 16550A
[   24.699811] Linux agpgart interface v0.103
[   24.750969] loop: module loaded
[   24.751448] scsi host0: ata_piix
[   24.751496] scsi host1: ata_piix
[   24.751525] ata1: PATA max UDMA/33 cmd 0x1f0 ctl 0x3f6 bmdma 0xd000 irq 14
[   24.751525] ata2: PATA max UDMA/33 cmd 0x170 ctl 0x376 bmdma 0xd008 irq 15
[   24.751589] libphy: Fixed MDIO Bus: probed
[   24.751591] tun: Universal TUN/TAP device driver, 1.6
[   24.751592] tun: (C) 1999-2004 Max Krasnyansky <maxk@qualcomm.com>
[   24.751625] PPP generic driver version 2.4.2
[   24.751669] ehci_hcd: USB 2.0 'Enhanced' Host Controller (EHCI) Driver
[   24.751672] ehci-pci: EHCI PCI platform driver
[   24.751680] ehci-platform: EHCI generic platform driver
[   24.751687] ohci_hcd: USB 1.1 'Open' Host Controller (OHCI) Driver
[   24.751692] ohci-pci: OHCI PCI platform driver
[   24.751700] ohci-platform: OHCI generic platform driver
[   24.751706] uhci_hcd: USB Universal Host Controller Interface driver
[   24.751767] i8042: PNP: PS/2 Controller [PNP0303:PS2K,PNP0f03:PS2M] at 0x60,0x64 irq 1,12
[   24.796933] serio: i8042 KBD port at 0x60,0x64 irq 1
[   24.796945] serio: i8042 AUX port at 0x60,0x64 irq 12
[   24.797169] mousedev: PS/2 mouse device common for all mice
[   24.797695] rtc_cmos rtc_cmos: rtc core: registered rtc_cmos as rtc0
[   24.797781] rtc_cmos rtc_cmos: alarms up to one day, 114 bytes nvram
[   24.797791] i2c /dev entries driver
[   24.797887] device-mapper: uevent: version 1.0.3
[   24.798001] device-mapper: ioctl: 4.34.0-ioctl (2015-10-28) initialised: dm-devel@redhat.com
[   24.798036] platform eisa.0: Probing EISA bus 0
[   24.798039] platform eisa.0: EISA: Cannot allocate resource for mainboard
[   24.798041] platform eisa.0: Cannot allocate resource for EISA slot 1
[   24.798043] platform eisa.0: Cannot allocate resource for EISA slot 2
[   24.798044] platform eisa.0: Cannot allocate resource for EISA slot 3
[   24.798046] platform eisa.0: Cannot allocate resource for EISA slot 4
[   24.798047] platform eisa.0: Cannot allocate resource for EISA slot 5
[   24.798048] platform eisa.0: Cannot allocate resource for EISA slot 6
[   24.798050] platform eisa.0: Cannot allocate resource for EISA slot 7
[   24.798051] platform eisa.0: Cannot allocate resource for EISA slot 8
[   24.798053] platform eisa.0: EISA: Detected 0 cards
[   24.798067] cpufreq-nforce2: No nForce2 chipset.
[   24.798077] ledtrig-cpu: registered to indicate activity on CPUs
[   24.798443] NET: Registered protocol family 10
[   24.799044] NET: Registered protocol family 17
[   24.799057] Key type dns_resolver registered
[   24.799340] microcode: CPU0 sig=0x40671, pf=0x40, revision=0x0
[   24.834770] microcode: CPU1 sig=0x40671, pf=0x40, revision=0x0
[   24.835211] microcode: Microcode Update Driver: v2.01 <tigran@aivazian.fsnet.co.uk>, Peter Oruba
[   24.835228] Using IPI No-Shortcut mode
[   24.835412] registered taskstats version 1
[   24.835432] Loading compiled-in X.509 certificates
[   24.838805] Loaded X.509 cert 'Build time autogenerated kernel key: 2453f907a00a5aa2dddcf83a7452e205d4a0e807'
[   24.838835] zswap: loaded using pool lzo/zbud
[   24.885013] Key type trusted registered
[   25.029675] isapnp: No Plug & Play device found
[   25.029842] input: AT Translated Set 2 keyboard as /devices/platform/i8042/serio0/input/input2
[   25.032297] Key type encrypted registered
[   25.032305] AppArmor: AppArmor sha1 policy hashing enabled
[   25.032308] ima: No TPM chip found, activating TPM-bypass!
[   25.032334] evm: HMAC attrs: 0x1
[   25.032607]   Magic number: 13:251:769
[   25.032639] mem kmsg: hash matches
[   25.032646] pci 0000:00:05.0: hash matches
[   25.056562] rtc_cmos rtc_cmos: setting system clock to 2017-12-06 05:46:26 UTC (1512539186)
[   25.056999] BIOS EDD facility v0.16 2004-Jun-25, 0 devices found
[   25.056999] EDD information not available.
[   28.396944] Freeing unused kernel memory: 940K (c1ba3000 - c1c8e000)
[   28.425468] Write protecting the kernel text: 7968k
[   28.453295] Write protecting the kernel read-only data: 3172k
[   28.598513] NX-protecting the kernel data: 6368k
Loading, please [   28.755699] random: systemd-udevd: uninitialized urandom read (16 bytes read, 4 bits of entropy available)
wait...
startin[   28.756162] random: udevadm: uninitialized urandom read (16 bytes read, 4 bits of entropy available)
g version 229
[   28.756192] random: udevadm: uninitialized urandom read (16 bytes read, 4 bits of entropy available)
[   28.756313] random: udevadm: uninitialized urandom read (16 bytes read, 4 bits of entropy available)
[   28.756356] random: udevadm: uninitialized urandom read (16 bytes read, 4 bits of entropy available)
[   28.756393] random: udevadm: uninitialized urandom read (16 bytes read, 4 bits of entropy available)
[   28.756436] random: udevadm: uninitialized urandom read (16 bytes read, 4 bits of entropy available)
[   28.756474] random: udevadm: uninitialized urandom read (16 bytes read, 4 bits of entropy available)
[   28.756511] random: udevadm: uninitialized urandom read (16 bytes read, 4 bits of entropy available)
[   28.756551] random: udevadm: uninitialized urandom read (16 bytes read, 4 bits of entropy available)
[   30.594298] e1000: Intel(R) PRO/1000 Network Driver - version 7.3.21-k8-NAPI
[   30.737136] e1000: Copyright (c) 1999-2006 Intel Corporation.
[   30.869106] Fusion MPT base driver 3.04.20
[   30.880534] Copyright (c) 1999-2008 LSI Corporation
[   31.021405] Fusion MPT SPI Host driver 3.04.20
[   31.218743] input: ImExPS/2 Generic Explorer Mouse as /devices/platform/i8042/serio1/input/input4
[   31.569993] e1000 0000:00:03.0 eth0: (PCI:33MHz:32-bit) 02:d6:25:16:96:8e
[   31.777804] e1000 0000:00:03.0 eth0: Intel(R) PRO/1000 Network Connection
[   31.960320] mptbase: ioc0: Initiating bringup
[   31.960807] e1000 0000:00:03.0 enp0s3: renamed from eth0
[   32.132976] ioc0: LSI53C1030 A0: Capabilities={Initiator}
[   32.306150] scsi host2: ioc0: LSI53C1030 A0, FwRev=00000000h, Ports=1, MaxQ=256, IRQ=20
[   32.501282] scsi 2:0:0:0: Direct-Access     VBOX     HARDDISK         1.0  PQ: 0 ANSI: 5
[   32.622800] scsi target2:0:0: Beginning Domain Validation
[   32.628460] scsi target2:0:0: Domain Validation skipping write tests
[   32.737274] scsi target2:0:0: Ending Domain Validation
[   32.864344] scsi target2:0:0: asynchronous
[   32.940354] scsi 2:0:1:0: Direct-Access     VBOX     HARDDISK         1.0  PQ: 0 ANSI: 5
[   32.974079] scsi target2:0:1: Beginning Domain Validation
[   33.036787] scsi target2:0:1: Domain Validation skipping write tests
[   33.138180] scsi target2:0:1: Ending Domain Validation
[   33.178379] scsi target2:0:1: asynchronous
[   33.280264] sd 2:0:0:0: Attached scsi generic sg0 type 0
[   33.407852] sd 2:0:0:0: [sda] 20971520 512-byte logical blocks: (10.7 GB/10.0 GiB)
[   33.652486] sd 2:0:1:0: [sdb] 20480 512-byte logical blocks: (10.5 MB/10.0 MiB)
[   33.803867] sd 2:0:1:0: Attached scsi generic sg1 type 0
[   33.816981] sd 2:0:0:0: [sda] Write Protect is off
[   33.853306] sd 2:0:1:0: [sdb] Write Protect is off
[   33.972208] sd 2:0:0:0: [sda] Incomplete mode parameter data
[   34.106413] sd 2:0:0:0: [sda] Assuming drive cache: write through
[   34.106474] floppy0: no floppy controllers found
[   34.106521] work still pending
[   34.106824] sd 2:0:1:0: [sdb] Incomplete mode parameter data
[   34.106825] sd 2:0:1:0: [sdb] Assuming drive cache: write through
[   34.247102] sd 2:0:1:0: [sdb] Attached SCSI disk
[   34.869283]  sda: sda1
[   34.922718] sd 2:0:0:0: [sda] Attached SCSI disk
Begin: Loading e[   36.383029] md: linear personality registered for level -1
ssential drivers ... [   36.475922] md: multipath personality registered for level -4
[   36.601900] md: raid0 personality registered for level 0
[   36.740426] md: raid1 personality registered for level 1
[   36.972890] raid6: mmxx1    gen()  3982 MB/s
[   37.100967] raid6: mmxx2    gen()  4690 MB/s
[   37.217051] raid6: sse1x1   gen()  3583 MB/s
[   37.357022] raid6: sse1x2   gen()  4301 MB/s
[   37.540854] raid6: sse2x1   gen()  7121 MB/s
[   37.692991] raid6: sse2x1   xor()  4143 MB/s
[   37.776630] raid6: sse2x2   gen()  9604 MB/s
[   37.896647] raid6: sse2x2   xor()  6701 MB/s
[   38.000076] raid6: using algorithm sse2x2 gen() 9604 MB/s
[   38.143298] raid6: .... xor() 6701 MB/s, rmw enabled
[   38.251821] raid6: using ssse3x1 recovery algorithm
[   38.270285] xor: automatically using best checksumming function:
[   38.453265]    avx       : 22162.000 MB/sec
[   38.559605] async_tx: api initialized (async)
[   38.635640] md: raid6 personality registered for level 6
[   38.699990] md: raid5 personality registered for level 5
[   38.777681] md: raid4 personality registered for level 4
[   38.840349] md: raid10 personality registered for level 10
done.
Begin: Running /scripts/init-premount ... done[   39.038061] Btrfs loaded
.
Begin: Mounting root file system ... Begin: Running /scripts/local-top ... done.
Begin: Runn[   39.151078] EXT4-fs (sda1): mounted filesystem with ordered data mode. Opts: (null)
ing /scripts/local-premount ... Scanning for Btrfs filesystems
done.
Warning: fsck not present, so skipping root file system
done.
Begin: Running /scripts/local-bottom ... done.
Begin: Running /scripts/init-bottom ... done.
[   39.512607] systemd[1]: systemd 229 running in system mode. (+PAM +AUDIT +SELINUX +IMA +APPARMOR +SMACK +SYSVINIT +UTMP +LIBCRYPTSETUP +GCRYPT +GNUTLS +ACL +XZ -LZ4 +SECCOMP +BLKID +ELFUTILS +KMOD -IDN)
[   39.838324] systemd[1]: Detected virtualization oracle.
[   39.877583] systemd[1]: Detected architecture x86.

Welcome to [1mUbuntu 16.04.3 LTS[0m!

[   39.890232] systemd[1]: Set hostname to <ubuntu-xenial>.
[   40.091241] systemd[1]: Listening on udev Control Socket.
[[0;32m  OK  [0m] Listening on udev Control Socket.
[   40.177622] systemd[1]: Started Trigger resolvconf update for networkd DNS.
[[0;32m  OK  [0m] Started Trigger resolvconf update for networkd DNS.
[   40.437321] systemd[1]: Created slice User and Session Slice.
[[0;32m  OK  [0m] Created slice User and Session Slice.
[   40.641401] systemd[1]: Listening on Journal Audit Socket.
[[0;32m  OK  [0m] Listening on Journal Audit Socket.
[   40.681337] systemd[1]: Listening on udev Kernel Socket.
[[0;32m  OK  [0m] Listening on udev Kernel Socket.
[   40.741142] systemd[1]: Reached target Swap.
[[0;32m  OK  [0m] Reached target Swap.
[   40.832928] systemd[1]: Reached target Encrypted Volumes.
[[0;32m  OK  [0m] Reached target Encrypted Volumes.
[   40.953344] systemd[1]: Listening on Device-mapper event daemon FIFOs.
[[0;32m  OK  [0m] Listening on Device-mapper event daemon FIFOs.
[   41.016731] systemd[1]: Reached target User and Group Name Lookups.
[[0;32m  OK  [0m] Reached target User and Group Name Lookups.
[   41.048284] systemd[1]: Listening on LVM2 metadata daemon socket.
[[0;32m  OK  [0m] Listening on LVM2 metadata daemon socket.
[   41.149121] systemd[1]: Listening on LVM2 poll daemon socket.
[[0;32m  OK  [0m] Listening on LVM2 poll daemon socket.
[   41.337194] systemd[1]: Listening on Journal Socket.
[[0;32m  OK  [0m] Listening on Journal Socket.
[   41.438771] systemd[1]: Listening on /dev/initctl Compatibility Named Pipe.
[[0;32m  OK  [0m] Listening on /dev/initctl Compatibility Named Pipe.
[   41.441130] systemd[1]: Created slice System Slice.
[[0;32m  OK  [0m] Created slice System Slice.
[   41.562788] random: nonblocking pool is initialized
[   41.704298] systemd[1]: Reached target Slices.
[[0;32m  OK  [0m] Reached target Slices.
[   41.761231] systemd[1]: Starting Nameserver information manager...
         Starting Nameserver information manager...
[   41.858631] systemd[1]: Starting Load Kernel Modules...
         Starting Load Ke[   41.917479] Loading iSCSI transport class v2.0-870.
rnel Modules...
[   42.044299] systemd[1]: Mounting POSIX Message Queue File System...
         Mounting POSIX M[   42.055578] iscsi: registered transport (tcp)
essage Queue File System...
[   42.192934] systemd[1]: Starting Remount Root and Kernel File Systems...
         [   42.295967] EXT4-fs (sda1): re-mounted. Opts: (null)
Starting Remount Root and Kernel[   42.319528] iscsi: registered transport (iser)
 File Systems...
[   42.420777] systemd[1]: Starting Set console keymap...
         Starting Set console keymap...
[   42.588871] systemd[1]: Mounting Debug File System...
         Mounting Debug File System...
[   42.761351] systemd[1]: Starting Create list of required static device nodes for the current kernel...
         Starting Create list of required st... nodes for the current kernel...
[   42.900782] systemd[1]: Starting Monitoring of LVM2 mirrors, snapshots etc. using dmeventd or progress polling...
         Starting Monitoring of LVM2 mirrors... dmeventd or progress polling...
[   43.096982] systemd[1]: Mounting Huge Pages File System...
         Mounting Huge Pages File System...
[   43.261200] systemd[1]: Listening on Syslog Socket.
[[0;32m  OK  [0m] Listening on Syslog Socket.
[   43.405869] systemd[1]: Listening on Journal Socket (/dev/log).
[[0;32m  OK  [0m] Listening on Journal Socket (/dev/log).
[   43.485218] systemd[1]: Starting Journal Service...
         Starting Journal Service...
[   43.596965] systemd[1]: Starting Uncomplicated firewall...
         Starting Uncomplicated firewall...
[   43.725087] systemd[1]: Set up automount Arbitrary Executable File Formats File System Automount Point.
[[0;32m  OK  [0m] Set up automount Arbitrary Executab...ats File System Automount Point.
[   43.798655] systemd[1]: Created slice system-serial\x2dgetty.slice.
[[0;32m  OK  [0m] Created slice system-serial\x2dgetty.slice.
[   43.858778] systemd[1]: Started Forward Password Requests to Wall Directory Watch.
[[0;32m  OK  [0m] Started Forward Password Requests to Wall Directory Watch.
[   43.945607] systemd[1]: Mounted POSIX Message Queue File System.
[[0;32m  OK  [0m] Mounted POSIX Message Queue File System.
[   44.125194] systemd[1]: Mounted Huge Pages File System.
[[0;32m  OK  [0m] Mounted Huge Pages File System.
[   44.224799] systemd[1]: Mounted Debug File System.
[[0;32m  OK  [0m] Mounted Debug File System.
[   44.385636] systemd[1]: Started Journal Service.
[[0;32m  OK  [0m] Started Journal Service.
[[0;32m  OK  [0m] Started Load Kernel Modules.
[[0;32m  OK  [0m] Started Remount Root and Kernel File Systems.
[[0;32m  OK  [0m] Started Set console keymap.
[[0;32m  OK  [0m] Started Create list of required sta...ce nodes for the current kernel.
[[0;32m  OK  [0m] Started Uncomplicated firewall.
[[0;32m  OK  [0m] Started Nameserver information manager.
[[0;32m  OK  [0m] Started LVM2 metadata daemon.
         Starting Create Static Device Nodes in /dev...
         Starting Load/Save Random Seed...
         Starting udev Coldplug all Devices...
         Starting Initial cloud-init job (pre-networking)...
         Starting Apply Kernel Variables...
         Mounting FUSE Control File System...
         Starting Flush Journal to Persistent Storage...
[[0;32m  OK  [0m] Mounted FUSE Control File System.
[[0;32m  OK  [0m] Started Monitoring of LVM2 mirrors,...ng dmeventd or progress polling.
[[0;32m  OK  [0m] Started Create Static Device Nodes in /dev.
[[0;32m  OK  [0m] Started Load/Save Random Seed.
[[0;32m  OK  [0m] Started Apply Kernel Variables.
[[0;32m  OK  [0m] Started udev Coldplug all Devices.
[[0;32m  OK  [0m] Started Flush Journal to Persistent Storage.
         Starting udev Kernel Device Manager...
[[0;32m  OK  [0m] Started udev Kernel Device Manager.
[[0;32m  OK  [0m] Reached target Local File Systems (Pre).
[[0;32m  OK  [0m] Reached target Local File Systems.
         Starting Tell Plymouth To Write Out Runtime Data...
         Starting Set console font and keymap...
         Starting Create Volatile Files and Directories...
         Starting LSB: AppArmor initialization...
[[0;32m  OK  [0m] Started Dispatch Password Requests to Console Directory Watch.
[[0;32m  OK  [0m] Started Tell Plymouth To Write Out Runtime Data.
[[0;32m  OK  [0m] Started Create Volatile Files and Directories.
[[0;32m  OK  [0m] Found device /dev/ttyS0.
[[0;32m  OK  [0m] Reached target System Time Synchronized.
         Starting Update UTMP about System Boot/Shutdown...
[[0;32m  OK  [0m] Started Set console font and keymap.
[   27.917373] cloud-init[453]: Cloud-init v. 0.7.9 running 'init-local' at Wed, 06 Dec 2017 05:46:47 +0000. Up 27.35 seconds.
[[0;32m  OK  [0m] Started LSB: AppArmor initialization.
[[0;32m  OK  [0m] Started Update UTMP about System Boot/Shutdown.
[[0;32m  OK  [0m] Started Initial cloud-init job (pre-networking).
[[0;32m  OK  [0m] Listening on Load/Save RF Kill Switch Status /dev/rfkill Watch.
[[0;32m  OK  [0m] Reached target Network (Pre).
[[0;32m  OK  [0m] Started ifup for enp0s3.
         Starting Raise network interfaces...
[[0;32m  OK  [0m] Created slice system-getty.slice.
[[0;32m  OK  [0m] Started Raise network interfaces.
         Starting Initial cloud-init job (metadata service crawler)...
[[0;32m  OK  [0m] Reached target Network.
[   31.060916] cloud-init[965]: Cloud-init v. 0.7.9 running 'init' at Wed, 06 Dec 2017 05:46:50 +0000. Up 30.77 seconds.
[   31.132522] [cloud-init[0;32m  OK  [0m[965]: ] ci-info: +++++++++++++++++++++++++++++++++++++Net device info++++++++++++++++++++++++++++++++++++++Started Initial cloud-init job (metadata service crawler).

[   31.132740] cloud-init[965]: ci-info: +--------+------+----------------------------+---------------+-------+-------------------+
[   31.261046] [cloud-init[0;32m  OK  [0m[965]: ] ci-info: | Device |  Up  |          Address           |      Mask     | Scope |     Hw-Address    |Reached target System Initialization.

[   31.261471] cloud-init[965]: ci-info: +--------+------+----------------------------+---------------+-------+-------------------+
[   31.563558] [cloud-init[0;32m  OK  [0m[965]: ] ci-info: | enp0s3 | True |         10.0.2.15          | 255.255.255.0 |   .   | 02:d6:25:16:96:8e |Started Timer to automatically refresh installed snaps.

[   31.736787] [cloud-init[0;32m  OK  [0m[965]: ] ci-info: | enp0s3 | True | fe80::d6:25ff:fe16:968e/64 |       .       |  link | 02:d6:25:16:96:8e |Started ACPI Events Check.

[[0;32m  OK  [0m] Reached target Paths.
[[0;32m  OK  [0m] Listening on ACPID Listen Socket.
[   31.737277] cloud-init[965]: ci-info: |   lo   | True |         127.0.0.1          |   255.0.0.0   |   .   |         .         |
[   32.084553] [cloud-init[0;32m  OK  [0m[965]: ] ci-info: |   lo   | True |          ::1/128           |       .       |  host |         .         |Listening on UUID daemon activation socket.

[[0;32m  OK  [0m] Started Daily Cleanup of Temporary Directories.
[   32.084933] cloud-init[965]: ci-info: +--------+------+----------------------------+---------------+-------+-------------------+
[   32.401060]          cloud-initStarting LXD - unix socket.[965]: 
ci-info: +++++++++++++++++++++++++++Route IPv4 info++++++++++++++++++++++++++++
[   32.544677]          cloud-initStarting Socket activation for snappy daemon.[965]: 
ci-info: +-------+-------------+----------+---------------+-----------+-------+
[   32.700400] [cloud-init[0;32m  OK  [0m[965]: ] ci-info: | Route | Destination | Gateway  |    Genmask    | Interface | Flags |Listening on D-Bus System Message Bus Socket.

[   32.700973] [cloud-init[0;32m  OK  [0m[965]: ] ci-info: +-------+-------------+----------+---------------+-----------+-------+Reached target Network is Online.

[   32.785143] cloud-init[965]: ci-info: |   0   |   0.0.0.0   | 10.0.2.2 |    0.0.0.0    |   enp0s3  |   UG  |
[   32.948606]          cloud-initStarting iSCSI initiator daemon (iscsid)...[965]: 
ci-info: |   1   |   10.0.2.0  | 0.0.0.0  | 255.255.255.0 |   enp0s3  |   U   |
[   33.060683] [cloud-init[0;32m  OK  [0m[965]: ] ci-info: +-------+-------------+----------+---------------+-----------+-------+Started Daily apt download activities.

[[0;32m  OK  [0m] Started Daily apt upgrade and clean activities.
[[0;32m  OK  [0m] Reached target Timers.
[[0;32m  OK  [0m] Reached target Cloud-config availability.
[[0;32m  OK  [0m] Listening on LXD - unix socket.
[[0;32m  OK  [0m] Listening on Socket activation for snappy daemon.
[[0;32m  OK  [0m] Started iSCSI initiator daemon (iscsid).
         Starting Login to default iSCSI targets...
[[0;32m  OK  [0m] Reached target Sockets.
[[0;32m  OK  [0m] Reached target Basic System.
         Starting /etc/rc.local Compatibility...
[[0;32m  OK  [0m] Started ACPI event daemon.
         Starting LXD - container startup/shutdown...
         Starting System Logging Service...
         Starting Accounts Service...
[[0;32m  OK  [0m] Started Deferred execution scheduler.
         Starting LSB: MD monitoring daemon...
         Starting Apply the settings specified in cloud-config...
         Starting Login Service...
[[0;32m  OK  [0m] Started Regular background program processing daemon.
[[0;32m  OK  [0m] Started Snappy daemon.
         Starting Auto import assertions from block devices...
         Starting LSB: Record successful boot for GRUB...
[[0;32m  OK  [0m] Started D-Bus System Message Bus.
         Starting OpenBSD Secure Shell server...
[[0;32m  OK  [0m] Started Unattended Upgrades Shutdown.
[[0;32m  OK  [0m] Started FUSE filesystem for LXC.
[[0;32m  OK  [0m] Started System Logging Service.
[[0;32m  OK  [0m] Started OpenBSD Secure Shell server.
[[0;32m  OK  [0m] Started /etc/rc.local Compatibility.
[[0;32m  OK  [0m] Started LXD - container startup/shutdown.
[[0;32m  OK  [0m] Started Auto import assertions from block devices.
[   34.719442] cloud-init[1052]: Cloud-init v. 0.7.9 running 'modules:config' at Wed, 06 Dec 2017 05:46:54 +0000. Up 34.56 seconds.
[[0;32m  OK  [0m] Started Login to default iSCSI targets.
[[0;32m  OK  [0m] Started Apply the settings specified in cloud-config.
[[0;32m  OK  [0m] Started LSB: MD monitoring daemon.
[[0;32m  OK  [0m] Started LSB: Record successful boot for GRUB.
[[0;32m  OK  [0m] Started Login Service.
         Starting Authenticate and Authorize Users to Run Privileged Tasks...
[[0;32m  OK  [0m] Reached target Remote File Systems (Pre).
[[0;32m  OK  [0m] Reached target Remote File Systems.
         Starting LSB: Set the CPU Frequency Scaling governor to "ondemand"...
         Starting LSB: No Display Manager...
         Starting Permit User Sessions...
         Starting LSB: VirtualBox Linux Additions...
         Starting LSB: daemon to balance interrupts for SMP systems...
         Starting LSB: automatic crash report generation...
[[0;32m  OK  [0m] Started Permit User Sessions.
[[0;32m  OK  [0m] Started Authenticate and Authorize Users to Run Privileged Tasks.
[[0;32m  OK  [0m] Started Accounts Service.
[[0;32m  OK  [0m] Started LSB: Set the CPU Frequency Scaling governor to "ondemand".
[[0;32m  OK  [0m] Started LSB: No Display Manager.
         Starting Hold until boot process finishes up...
         Starting Terminate Plymouth Boot Screen...
[[0;32m  OK  [0m] Started LSB: daemon to balance interrupts for SMP systems.
[[0;32m  OK  [0m] Started LSB: VirtualBox Linux Additions.
[[0;32m  OK  [0m] Started LSB: automatic crash report generation.
[[0;32m  OK  [0m] Started Hold until boot process finishes up.
[[0;32m  OK  [0m] Started Terminate Plymouth Boot Screen.
[[0;32m  OK  [0m] Started Getty on tty1.
         Starting Set console scheme...
[[0;32m  OK  [0m] Started Serial Getty on ttyS0.
[[0;32m  OK  [0m] Reached target Login Prompts.
[[0;32m  OK  [0m] Reached target Multi-User System.
         Starting Execute cloud user/final scripts...
[[0;32m  OK  [0m] Reached target Graphical Interface.
         Starting Update UTMP about System Runlevel Changes...
[[0;32m  OK  [0m] Started Set console scheme.
[[0;32m  OK  [0m] Started Update UTMP about System Runlevel Changes.
[[0;32m  OK  [0m] Created slice User Slice of ubuntu.
         Starting User Manager for UID 1000...
[[0;32m  OK  [0m] Started Session c1 of user ubuntu.
[[0;32m  OK  [0m] Started User Manager for UID 1000.
[   37.234308] cloud-init[1220]: Cloud-init v. 0.7.9 running 'modules:final' at Wed, 06 Dec 2017 05:46:57 +0000. Up 37.07 seconds.
[[0;32m  OK  [0m] Started Execute cloud user/final scripts.
[   37.361074] cloud-init[1220]: Cloud-init v. 0.7.9 finished at Wed, 06 Dec 2017 05:46:57 +0000. Datasource DataSourceNoCloud [seed=/dev/sdb][dsmode=net].  Up 37.22 seconds
[[0;32m  OK  [0m] Reached target Cloud-init target.

Ubuntu 16.04.3 LTS ubuntu-xenial ttyS0

ubuntu-xenial login: 